[INFO] Scanning for projects...
[INFO]                                                                         
[INFO] ------------------------------------------------------------------------
[INFO] Building bacazy-leetcode 1.0-SNAPSHOT
[INFO] ------------------------------------------------------------------------
[INFO] 
[INFO] --- maven-resources-plugin:2.6:resources (default-resources) @ bacazy-leetcode ---
[INFO] Using 'UTF-8' encoding to copy filtered resources.
[INFO] skip non existing resourceDirectory E:\app\leetcode\src\main\resources
[INFO] 
[INFO] --- maven-compiler-plugin:3.1:compile (default-compile) @ bacazy-leetcode ---
[INFO] Nothing to compile - all classes are up to date
[INFO] 
[INFO] --- maven-resources-plugin:2.6:testResources (default-testResources) @ bacazy-leetcode ---
[INFO] Using 'UTF-8' encoding to copy filtered resources.
[INFO] skip non existing resourceDirectory E:\app\leetcode\src\test\resources
[INFO] 
[INFO] --- maven-compiler-plugin:3.1:testCompile (default-testCompile) @ bacazy-leetcode ---
[INFO] Nothing to compile - all classes are up to date
[INFO] 
[INFO] --- maven-surefire-plugin:2.12.4:test (default-test) @ bacazy-leetcode ---
[INFO] Surefire report directory: E:\app\leetcode\target\surefire-reports

-------------------------------------------------------
 T E S T S
-------------------------------------------------------
Running com.bacazy.leetcode.p1.TwoSumTest
Tests run: 1, Failures: 0, Errors: 0, Skipped: 0, Time elapsed: 0.046 sec
Running com.bacazy.leetcode.sort.SortBenchmarkTest
ArraySize					10		100		500		1000		4000		10000
QuickSort			1		24		46		75		424		1228
InsertionSort			2		15		214		825		12929		80309
SelectionSort			1		24		186		676		9692		59121
ShellSort			1		6		34		92		521		1569
MergeSort			1		21		70		64		285		765
QuickThreeWaySort			1		11		50		75		408		1171
ShellSort			0		3		33		94		566		1677
use :175.08s
Tests run: 1, Failures: 0, Errors: 0, Skipped: 0, Time elapsed: 175.077 sec

Results :

Tests run: 2, Failures: 0, Errors: 0, Skipped: 0

[INFO] ------------------------------------------------------------------------
[INFO] BUILD SUCCESS
[INFO] ------------------------------------------------------------------------
[INFO] Total time: 02:56 min
[INFO] Finished at: 2017-11-02T13:28:59+08:00
[INFO] Final Memory: 10M/309M
[INFO] ------------------------------------------------------------------------
